xpola-player-v7.1/nativetemplates/build/intermediates/manifest_merge_blame_file/release/processReleaseManifest/manifest-merger-blame-release-report.txt
1<?xml version="1.0" encoding="utf-8"?>
2<manifest xmlns:android="http://schemas.android.com/apk/res/android"
3    package="com.google.android.ads" >
4
5    <uses-sdk android:minSdkVersion="21" />
6
7    <application android:supportsRtl="false" >
7-->src\main\AndroidManifest.xml:3:5-5:19
7-->src\main\AndroidManifest.xml:3:18-45
8    </application>
9
10</manifest>